0 info it worked if it ends with ok
1 verbose cli [ '/home/action/.parts/bin/node',
1 verbose cli   '/home/action/.parts/bin/npm',
1 verbose cli   'start' ]
2 info using npm@1.4.3
3 info using node@v0.10.26
4 verbose node symlink /home/action/.parts/bin/node
5 verbose run-script [ 'prestart', 'start', 'poststart' ]
6 info prestart mercury-todo@0.0.0
7 info start mercury-todo@0.0.0
8 verbose unsafe-perm in lifecycle true
9 info mercury-todo@0.0.0 Failed to exec start script
10 error mercury-todo@0.0.0 start: `node server.js`
10 error Exit status 8
11 error Failed at the mercury-todo@0.0.0 start script.
11 error This is most likely a problem with the mercury-todo package,
11 error not with npm itself.
11 error Tell the author that this fails on your system:
11 error     node server.js
11 error You can get their info via:
11 error     npm owner ls mercury-todo
11 error There is likely additional logging output above.
12 error System Linux 3.13.4
13 error command "/home/action/.parts/bin/node" "/home/action/.parts/bin/npm" "start"
14 error cwd /home/action/play/mercury-todo
15 error node -v v0.10.26
16 error npm -v 1.4.3
17 error code ELIFECYCLE
18 verbose exit [ 1, true ]
